{"/Users/daiqingyun/tool/express-joi-verification/index.js":{"path":"/Users/daiqingyun/tool/express-joi-verification/index.js","s":{"1":1,"2":2,"3":2,"4":2,"5":2,"6":2,"7":1,"8":3,"9":5,"10":1,"11":5,"12":5,"13":5,"14":6,"15":6,"16":6,"17":10,"18":10,"19":4,"20":4,"21":4,"22":4,"23":2,"24":2},"b":{"1":[1,4],"2":[2,2]},"f":{"1":2,"2":2,"3":3,"4":5},"fnMap":{"1":{"name":"(anonymous_1)","line":4,"loc":{"start":{"line":4,"column":14},"end":{"line":4,"column":24}}},"2":{"name":"(anonymous_2)","line":10,"loc":{"start":{"line":10,"column":27},"end":{"line":10,"column":30}}},"3":{"name":"verification","line":15,"loc":{"start":{"line":15,"column":27},"end":{"line":15,"column":58}}},"4":{"name":"(anonymous_4)","line":16,"loc":{"start":{"line":16,"column":9},"end":{"line":16,"column":35}}}},"statementMap":{"1":{"start":{"line":1,"column":0},"end":{"line":1,"column":26}},"2":{"start":{"line":5,"column":4},"end":{"line":5,"column":41}},"3":{"start":{"line":6,"column":4},"end":{"line":6,"column":37}},"4":{"start":{"line":7,"column":4},"end":{"line":7,"column":26}},"5":{"start":{"line":8,"column":4},"end":{"line":8,"column":20}},"6":{"start":{"line":11,"column":4},"end":{"line":11,"column":30}},"7":{"start":{"line":15,"column":0},"end":{"line":44,"column":1}},"8":{"start":{"line":16,"column":2},"end":{"line":43,"column":3}},"9":{"start":{"line":17,"column":4},"end":{"line":19,"column":5}},"10":{"start":{"line":18,"column":6},"end":{"line":18,"column":12}},"11":{"start":{"line":21,"column":4},"end":{"line":21,"column":24}},"12":{"start":{"line":22,"column":4},"end":{"line":22,"column":30}},"13":{"start":{"line":24,"column":4},"end":{"line":32,"column":6}},"14":{"start":{"line":25,"column":6},"end":{"line":25,"column":30}},"15":{"start":{"line":26,"column":6},"end":{"line":26,"column":33}},"16":{"start":{"line":28,"column":6},"end":{"line":31,"column":7}},"17":{"start":{"line":29,"column":8},"end":{"line":29,"column":30}},"18":{"start":{"line":30,"column":8},"end":{"line":30,"column":42}},"19":{"start":{"line":34,"column":4},"end":{"line":34,"column":42}},"20":{"start":{"line":36,"column":4},"end":{"line":36,"column":51}},"21":{"start":{"line":37,"column":4},"end":{"line":37,"column":28}},"22":{"start":{"line":38,"column":4},"end":{"line":42,"column":5}},"23":{"start":{"line":39,"column":6},"end":{"line":39,"column":51}},"24":{"start":{"line":41,"column":6},"end":{"line":41,"column":12}}},"branchMap":{"1":{"line":17,"type":"if","locations":[{"start":{"line":17,"column":4},"end":{"line":17,"column":4}},{"start":{"line":17,"column":4},"end":{"line":17,"column":4}}]},"2":{"line":38,"type":"if","locations":[{"start":{"line":38,"column":4},"end":{"line":38,"column":4}},{"start":{"line":38,"column":4},"end":{"line":38,"column":4}}]}}}}