TN:
SF:/Users/daiqingyun/tool/express-joi-verification/index.js
FN:4,(anonymous_1)
FN:10,(anonymous_2)
FN:15,verification
FN:16,(anonymous_4)
FNF:4
FNH:4
FNDA:2,(anonymous_1)
FNDA:2,(anonymous_2)
FNDA:3,verification
FNDA:5,(anonymous_4)
DA:1,1
DA:5,2
DA:6,2
DA:7,2
DA:8,2
DA:11,2
DA:15,1
DA:16,3
DA:17,5
DA:18,1
DA:21,5
DA:22,5
DA:24,5
DA:25,6
DA:26,6
DA:28,6
DA:29,10
DA:30,10
DA:34,4
DA:36,4
DA:37,4
DA:38,4
DA:39,2
DA:41,2
LF:24
LH:24
BRDA:17,1,0,1
BRDA:17,1,1,4
BRDA:38,2,0,2
BRDA:38,2,1,2
BRF:4
BRH:4
end_of_record
